<?xml version="1.0" encoding="UTF-8"?>
<!-- Generated by org.testng.reporters.JUnitReportReporter -->
<testsuite hostname="DESKTOP-9LLI94A" failures="0" tests="1" name="com.bridgelabz.locators.Id_Locators" time="27.707" errors="0" timestamp="2022-08-26T12:17:08 IST" skipped="0">
  <testcase classname="com.bridgelabz.locators.Id_Locators" name="CreateAccount" time="27.707"/>
  <system-out/>
</testsuite> <!-- com.bridgelabz.locators.Id_Locators -->
