<?xml version="1.0" encoding="UTF-8"?>
<!-- Generated by org.testng.reporters.JUnitReportReporter -->
<testsuite hostname="DESKTOP-9LLI94A" failures="0" tests="1" name="com.bridgelabz.locators.Id_Locators" time="25.913" errors="0" timestamp="2022-08-25T21:49:49 IST" skipped="0">
  <testcase classname="com.bridgelabz.locators.Id_Locators" name="CreateAccount" time="25.913"/>
  <system-out/>
</testsuite> <!-- com.bridgelabz.locators.Id_Locators -->
