<?xml version="1.0" encoding="UTF-8"?>
<!-- Generated by org.testng.reporters.JUnitReportReporter -->
<testsuite hostname="DESKTOP-9LLI94A" failures="0" tests="1" name="com.bridgelabz.webelementinterface.DiffwaysofClickingAbutton" time="5.345" errors="0" timestamp="2022-09-01T13:47:19 IST" skipped="0">
  <testcase classname="com.bridgelabz.webelementinterface.DiffwaysofClickingAbutton" name="verifyClickingAbuttonUsingSubmit" time="5.345"/>
  <system-out/>
</testsuite> <!-- com.bridgelabz.webelementinterface.DiffwaysofClickingAbutton -->
