<?xml version="1.0" encoding="UTF-8"?>
<!-- Generated by org.testng.reporters.JUnitReportReporter -->
<testsuite hostname="DESKTOP-9LLI94A" failures="0" tests="1" name="com.bridgelabz.relativexpath.RelativeXPath" time="25.364" errors="0" timestamp="2022-08-27T07:17:21 IST" skipped="0">
  <testcase classname="com.bridgelabz.relativexpath.RelativeXPath" name="CreateAccount" time="25.364"/>
  <system-out/>
</testsuite> <!-- com.bridgelabz.relativexpath.RelativeXPath -->
