<?xml version="1.0" encoding="UTF-8"?>
<!-- Generated by org.testng.reporters.JUnitReportReporter -->
<testsuite hostname="DESKTOP-9LLI94A" failures="0" tests="1" name="com.bridgelabz.webelementinterface.TextintoFocussedElement" time="8.456" errors="0" timestamp="2022-09-01T12:02:02 IST" skipped="0">
  <testcase classname="com.bridgelabz.webelementinterface.TextintoFocussedElement" name="EnterTextintoFocussedElement" time="8.456"/>
  <system-out/>
</testsuite> <!-- com.bridgelabz.webelementinterface.TextintoFocussedElement -->
