<?xml version="1.0" encoding="UTF-8"?>
<!-- Generated by org.testng.reporters.JUnitReportReporter -->
<testsuite hostname="DESKTOP-9LLI94A" failures="0" tests="1" name="com.bridgelabz.downloadfile.DownloadSelenium" time="23.744" errors="0" timestamp="2022-08-29T23:38:27 IST" skipped="0">
  <testcase classname="com.bridgelabz.downloadfile.DownloadSelenium" name="SeleniumFileDwnld" time="23.744"/>
  <system-out/>
</testsuite> <!-- com.bridgelabz.downloadfile.DownloadSelenium -->
