<?xml version="1.0" encoding="UTF-8"?>
<!-- Generated by org.testng.reporters.JUnitReportReporter -->
<testsuite hostname="DESKTOP-9LLI94A" failures="0" tests="1" name="com.bridgelabz.webelementinterface.VersionOfFBLoginPage" time="7.776" errors="0" timestamp="2022-09-01T16:13:06 IST" skipped="0">
  <testcase classname="com.bridgelabz.webelementinterface.VersionOfFBLoginPage" name="printVersionOfFBLoginPage" time="7.776"/>
  <system-out/>
</testsuite> <!-- com.bridgelabz.webelementinterface.VersionOfFBLoginPage -->
