<?xml version="1.0" encoding="UTF-8"?>
<!-- Generated by org.testng.reporters.JUnitReportReporter -->
<testsuite hostname="DESKTOP-9LLI94A" failures="0" tests="1" name="com.bridgelabz.webelementinterface.ViewLicense_isaLinkOnFBpage" time="5.719" errors="0" timestamp="2022-09-01T13:25:09 IST" skipped="0">
  <testcase classname="com.bridgelabz.webelementinterface.ViewLicense_isaLinkOnFBpage" name="verifyViewUsername_isaLinkOnFBpage" time="5.719"/>
  <system-out/>
</testsuite> <!-- com.bridgelabz.webelementinterface.ViewLicense_isaLinkOnFBpage -->
