<?xml version="1.0" encoding="UTF-8"?>
<!-- Generated by org.testng.reporters.JUnitReportReporter -->
<testsuite hostname="DESKTOP-9LLI94A" failures="0" tests="1" name="com.bridgelabz.Xpaths_Independent_dependent.Xpaths_Independent_dependent_Facebook" time="30.247" errors="0" timestamp="2022-09-01T14:30:47 IST" skipped="0">
  <testcase classname="com.bridgelabz.Xpaths_Independent_dependent.Xpaths_Independent_dependent_Facebook" name="Xpaths_Independent_dependent_Facebook" time="30.247"/>
  <system-out/>
</testsuite> <!-- com.bridgelabz.Xpaths_Independent_dependent.Xpaths_Independent_dependent_Facebook -->
