<?xml version="1.0" encoding="UTF-8"?>
<!-- Generated by org.testng.reporters.JUnitReportReporter -->
<testsuite hostname="DESKTOP-9LLI94A" failures="0" tests="1" name="com.bridgelabz.frame.FrameDemo" time="9.563" errors="0" timestamp="2022-09-02T16:55:57 IST" skipped="0">
  <testcase classname="com.bridgelabz.frame.FrameDemo" name="frameDemo" time="9.563"/>
  <system-out/>
</testsuite> <!-- com.bridgelabz.frame.FrameDemo -->
