<?xml version="1.0" encoding="UTF-8"?>
<!-- Generated by org.testng.reporters.JUnitReportReporter -->
<testsuite hostname="DESKTOP-9LLI94A" failures="0" tests="1" name="com.bridgelabz.webelementinterface.ColourOfErrormessageonFBloginPage" time="7.881" errors="0" timestamp="2022-09-01T14:11:18 IST" skipped="0">
  <testcase classname="com.bridgelabz.webelementinterface.ColourOfErrormessageonFBloginPage" name="verifyColourOfErrormessageonFBloginPage" time="7.881"/>
  <system-out/>
</testsuite> <!-- com.bridgelabz.webelementinterface.ColourOfErrormessageonFBloginPage -->
