<?xml version="1.0" encoding="UTF-8"?>
<!-- Generated by org.testng.reporters.JUnitReportReporter -->
<testsuite hostname="DESKTOP-9LLI94A" failures="0" tests="1" name="com.bridgelabz.javaexecuter.ScrollUpAndDown" time="59.253" errors="0" timestamp="2022-09-02T11:57:47 IST" skipped="0">
  <testcase classname="com.bridgelabz.javaexecuter.ScrollUpAndDown" name="scrollUpAndDownFBPage" time="59.253"/>
  <system-out/>
</testsuite> <!-- com.bridgelabz.javaexecuter.ScrollUpAndDown -->
