<?xml version="1.0" encoding="UTF-8"?>
<!-- Generated by org.testng.reporters.JUnitReportReporter -->
<testsuite hostname="DESKTOP-9LLI94A" failures="0" tests="3" name="com.bridgelabz.testingdifferentbrowser.DifferentBrowsers" time="62.469" errors="1" timestamp="2022-08-29T23:07:28 IST" skipped="0">
  <testcase classname="com.bridgelabz.testingdifferentbrowser.DifferentBrowsers" name="InternetExplorerdriver" time="28.304">
    <error message="Could not start a new session. Response code 500. Message: Unexpected error launching Internet Explorer. IELaunchURL() returned HRESULT 80070012 (&#039;There are no more files.&#039;) for URL &#039;http://localhost:63792/&#039;
Build info: version: &#039;4.4.0&#039;, revision: &#039;e5c75ed026a&#039;
System info: host: &#039;DESKTOP-9LLI94A&#039;, ip: &#039;192.168.43.127&#039;, os.name: &#039;Windows 10&#039;, os.arch: &#039;amd64&#039;, os.version: &#039;10.0&#039;, java.version: &#039;17.0.1&#039;
Driver info: org.openqa.selenium.ie.InternetExplorerDriver
Command: [null, newSession {capabilities=[Capabilities {browserName: internet explorer, se:ieOptions: {}}], desiredCapabilities=Capabilities {browserName: internet explorer, se:ieOptions: {}}}]
Capabilities {}" type="org.openqa.selenium.SessionNotCreatedException">
      <![CDATA[org.openqa.selenium.SessionNotCreatedException: Could not start a new session. Response code 500. Message: Unexpected error launching Internet Explorer. IELaunchURL() returned HRESULT 80070012 ('There are no more files.') for URL 'http://localhost:63792/'
Build info: version: '4.4.0', revision: 'e5c75ed026a'
System info: host: 'DESKTOP-9LLI94A', ip: '192.168.43.127', os.name: 'Windows 10', os.arch: 'amd64', os.version: '10.0', java.version: '17.0.1'
Driver info: org.openqa.selenium.ie.InternetExplorerDriver
Command: [null, newSession {capabilities=[Capabilities {browserName: internet explorer, se:ieOptions: {}}], desiredCapabilities=Capabilities {browserName: internet explorer, se:ieOptions: {}}}]
Capabilities {}
at org.openqa.selenium.remote.ProtocolHandshake.createSession(ProtocolHandshake.java:144)
at org.openqa.selenium.remote.ProtocolHandshake.createSession(ProtocolHandshake.java:102)
at org.openqa.selenium.remote.ProtocolHandshake.createSession(ProtocolHandshake.java:67)
at org.openqa.selenium.remote.HttpCommandExecutor.execute(HttpCommandExecutor.java:156)
at org.openqa.selenium.remote.service.DriverCommandExecutor.invokeExecute(DriverCommandExecutor.java:167)
at org.openqa.selenium.remote.service.DriverCommandExecutor.execute(DriverCommandExecutor.java:142)
at org.openqa.selenium.remote.RemoteWebDriver.execute(RemoteWebDriver.java:547)
at org.openqa.selenium.remote.RemoteWebDriver.startSession(RemoteWebDriver.java:242)
at org.openqa.selenium.ie.InternetExplorerDriver.run(InternetExplorerDriver.java:184)
at org.openqa.selenium.ie.InternetExplorerDriver.<init>(InternetExplorerDriver.java:171)
at org.openqa.selenium.ie.InternetExplorerDriver.<init>(InternetExplorerDriver.java:144)
at com.bridgelabz.testingdifferentbrowser.DifferentBrowsers.InternetExplorerdriver(DifferentBrowsers.java:113)
at java.base/jdk.internal.reflect.NativeMethodAccessorImpl.invoke0(Native Method)
at java.base/jdk.internal.reflect.NativeMethodAccessorImpl.invoke(NativeMethodAccessorImpl.java:77)
at java.base/jdk.internal.reflect.DelegatingMethodAccessorImpl.invoke(DelegatingMethodAccessorImpl.java:43)
at java.base/java.lang.reflect.Method.invoke(Method.java:568)
at org.testng.internal.MethodInvocationHelper.invokeMethod(MethodInvocationHelper.java:133)
at org.testng.internal.TestInvoker.invokeMethod(TestInvoker.java:598)
at org.testng.internal.TestInvoker.invokeTestMethod(TestInvoker.java:173)
at org.testng.internal.MethodRunner.runInSequence(MethodRunner.java:46)
at org.testng.internal.TestInvoker$MethodInvocationAgent.invoke(TestInvoker.java:824)
at org.testng.internal.TestInvoker.invokeTestMethods(TestInvoker.java:146)
at org.testng.internal.TestMethodWorker.invokeTestMethods(TestMethodWorker.java:146)
at org.testng.internal.TestMethodWorker.run(TestMethodWorker.java:128)
at java.base/java.util.ArrayList.forEach(ArrayList.java:1511)
at org.testng.TestRunner.privateRun(TestRunner.java:794)
at org.testng.TestRunner.run(TestRunner.java:596)
at org.testng.SuiteRunner.runTest(SuiteRunner.java:377)
at org.testng.SuiteRunner.runSequentially(SuiteRunner.java:371)
at org.testng.SuiteRunner.privateRun(SuiteRunner.java:332)
at org.testng.SuiteRunner.run(SuiteRunner.java:276)
at org.testng.SuiteRunnerWorker.runSuite(SuiteRunnerWorker.java:53)
at org.testng.SuiteRunnerWorker.run(SuiteRunnerWorker.java:96)
at org.testng.TestNG.runSuitesSequentially(TestNG.java:1212)
at org.testng.TestNG.runSuitesLocally(TestNG.java:1134)
at org.testng.TestNG.runSuites(TestNG.java:1063)
at org.testng.TestNG.run(TestNG.java:1031)
at org.testng.remote.AbstractRemoteTestNG.run(AbstractRemoteTestNG.java:115)
at org.testng.remote.RemoteTestNG.initAndRun(RemoteTestNG.java:251)
at org.testng.remote.RemoteTestNG.main(RemoteTestNG.java:77)
]]>
    </error>
  </testcase> <!-- InternetExplorerdriver -->
  <system-out/>
  <testcase classname="com.bridgelabz.testingdifferentbrowser.DifferentBrowsers" name="chromedriver" time="19.020"/>
  <system-out/>
  <testcase classname="com.bridgelabz.testingdifferentbrowser.DifferentBrowsers" name="geckodriver" time="15.145"/>
  <system-out/>
</testsuite> <!-- com.bridgelabz.testingdifferentbrowser.DifferentBrowsers -->
