<?xml version="1.0" encoding="UTF-8"?>
<!-- Generated by org.testng.reporters.JUnitReportReporter -->
<testsuite hostname="DESKTOP-9LLI94A" failures="0" tests="1" name="com.bridgelabz.javaexecuter.ScrollUpDownToSecifyElementOnWebPage" time="13.994" errors="0" timestamp="2022-09-02T12:59:43 IST" skipped="0">
  <testcase classname="com.bridgelabz.javaexecuter.ScrollUpDownToSecifyElementOnWebPage" name="scrollUpAndDownToSecifyElementByCoordinates" time="13.994"/>
  <system-out/>
</testsuite> <!-- com.bridgelabz.javaexecuter.ScrollUpDownToSecifyElementOnWebPage -->
