<?xml version="1.0" encoding="UTF-8"?>
<!-- Generated by org.testng.reporters.JUnitReportReporter -->
<testsuite hostname="DESKTOP-9LLI94A" failures="0" tests="1" name="com.bridgelabz.differentfunctions.SeleniumDifferentFunctions" time="20.478" errors="0" timestamp="2022-08-30T14:06:28 IST" skipped="0">
  <testcase classname="com.bridgelabz.differentfunctions.SeleniumDifferentFunctions" name="usingstartwithFunction" time="20.478"/>
  <system-out/>
</testsuite> <!-- com.bridgelabz.differentfunctions.SeleniumDifferentFunctions -->
