<?xml version="1.0" encoding="UTF-8"?>
<!-- Generated by org.testng.reporters.JUnitReportReporter -->
<testsuite hostname="DESKTOP-9LLI94A" failures="0" tests="1" name="com.bridgelabz.webelementinterface.UNtextboxisEnabledinFacebook" time="6.597" errors="0" timestamp="2022-09-01T12:53:14 IST" skipped="0">
  <testcase classname="com.bridgelabz.webelementinterface.UNtextboxisEnabledinFacebook" name="verifyUNtextboxisEnabledinFacebook" time="6.597"/>
  <system-out/>
</testsuite> <!-- com.bridgelabz.webelementinterface.UNtextboxisEnabledinFacebook -->
