<?xml version="1.0" encoding="UTF-8"?>
<!-- Generated by org.testng.reporters.JUnitReportReporter -->
<testsuite hostname="DESKTOP-9LLI94A" failures="0" tests="1" name="com.bridgelabz.webelementinterface.FBAlignmentUsingCoordinates" time="27.261" errors="0" timestamp="2022-08-30T16:10:51 IST" skipped="0">
  <testcase classname="com.bridgelabz.webelementinterface.FBAlignmentUsingCoordinates" name="verifyFBAlignmentUsingCoordinates" time="27.261"/>
  <system-out/>
</testsuite> <!-- com.bridgelabz.webelementinterface.FBAlignmentUsingCoordinates -->
