<?xml version="1.0" encoding="UTF-8"?>
<!-- Generated by org.testng.reporters.JUnitReportReporter -->
<testsuite hostname="DESKTOP-9LLI94A" failures="0" tests="1" name="com.bridgelabz.javaexecuter.JavaExecuter" time="11.189" errors="0" timestamp="2022-09-01T17:25:01 IST" skipped="0">
  <testcase classname="com.bridgelabz.javaexecuter.JavaExecuter" name="verifyJavaExecuter" time="11.189"/>
  <system-out/>
</testsuite> <!-- com.bridgelabz.javaexecuter.JavaExecuter -->
