<?xml version="1.0" encoding="UTF-8"?>
<!-- Generated by org.testng.reporters.JUnitReportReporter -->
<testsuite hostname="DESKTOP-9LLI94A" failures="0" tests="1" name="com.bridgelabz.webelementinterface.RemoveTextWithoutClear" time="13.941" errors="0" timestamp="2022-09-01T12:28:36 IST" skipped="0">
  <testcase classname="com.bridgelabz.webelementinterface.RemoveTextWithoutClear" name="removeValuefromUsernameWithoutClearMethod" time="13.941"/>
  <system-out/>
</testsuite> <!-- com.bridgelabz.webelementinterface.RemoveTextWithoutClear -->
