<?xml version="1.0" encoding="UTF-8"?>
<!-- Generated by org.testng.reporters.JUnitReportReporter -->
<testsuite hostname="DESKTOP-9LLI94A" failures="0" tests="1" name="com.bridgelabz.webelementinterface.UsernameAndPswdAllignment" time="5.413" errors="0" timestamp="2022-08-30T16:09:24 IST" skipped="0">
  <testcase classname="com.bridgelabz.webelementinterface.UsernameAndPswdAllignment" name="verifyUsernameAndPswdAllignmen" time="5.413"/>
  <system-out/>
</testsuite> <!-- com.bridgelabz.webelementinterface.UsernameAndPswdAllignment -->
