<?xml version="1.0" encoding="UTF-8"?>
<!-- Generated by org.testng.reporters.JUnitReportReporter -->
<testsuite hostname="DESKTOP-9LLI94A" failures="0" tests="1" name="com.bridgelabz.javaexecuter.EnterTextinDisabledTextbox" time="9.577" errors="0" timestamp="2022-09-02T13:01:13 IST" skipped="0">
  <testcase classname="com.bridgelabz.javaexecuter.EnterTextinDisabledTextbox" name="enterTextinDisabledTextbox" time="9.577"/>
  <system-out/>
</testsuite> <!-- com.bridgelabz.javaexecuter.EnterTextinDisabledTextbox -->
