<?xml version="1.0" encoding="UTF-8"?>
<!-- Generated by org.testng.reporters.JUnitReportReporter -->
<testsuite hostname="DESKTOP-9LLI94A" failures="0" tests="1" name="com.bridgelabz.actionclass.ContextClickusingActionsClass" time="10.270" errors="0" timestamp="2022-09-02T20:29:23 IST" skipped="0">
  <testcase classname="com.bridgelabz.actionclass.ContextClickusingActionsClass" name="verifyContextClickusingActionsClass" time="10.270"/>
  <system-out/>
</testsuite> <!-- com.bridgelabz.actionclass.ContextClickusingActionsClass -->
