<?xml version="1.0" encoding="UTF-8"?>
<!-- Generated by org.testng.reporters.JUnitReportReporter -->
<testsuite hostname="DESKTOP-9LLI94A" failures="0" tests="1" name="com.bridglabz.actionclass.ContextClickusingActionsClass" time="11.544" errors="0" timestamp="2022-09-02T19:16:47 IST" skipped="0">
  <testcase classname="com.bridglabz.actionclass.ContextClickusingActionsClass" name="verifyContextClickusingActionsClass" time="11.544"/>
  <system-out/>
</testsuite> <!-- com.bridglabz.actionclass.ContextClickusingActionsClass -->
