<?xml version="1.0" encoding="UTF-8"?>
<!-- Generated by org.testng.reporters.JUnitReportReporter -->
<testsuite hostname="DESKTOP-9LLI94A" failures="0" tests="1" name="com.bridgelabz.webelementinterface.RemoveValuefromText" time="9.331" errors="0" timestamp="2022-09-01T14:10:38 IST" skipped="0">
  <testcase classname="com.bridgelabz.webelementinterface.RemoveValuefromText" name="removeValuefromText_usingClearMethod" time="9.331"/>
  <system-out/>
</testsuite> <!-- com.bridgelabz.webelementinterface.RemoveValuefromText -->
